2022-07-05 13:00:39,316:INFO:...Iniciando...
2022-07-05 13:00:39,316:INFO:reading excel..
2022-07-05 13:00:42,011:INFO:

2022-07-05 13:00:42,011:INFO:====== WebDriver manager ======
2022-07-05 13:00:43,472:INFO:Current google-chrome version is 103.0.5060
2022-07-05 13:00:43,472:INFO:Get LATEST chromedriver version for 103.0.5060 google-chrome
2022-07-05 13:00:43,759:INFO:Driver [C:\Users\Guido\.wdm\drivers\chromedriver\win32\103.0.5060.53\chromedriver.exe] found in cache
2022-07-05 13:00:48,838:INFO:Cargando file...
2022-07-05 13:00:48,838:INFO:Iniciando sesion..
2022-07-05 13:00:50,056:INFO:Cargando nueva ficha...
2022-07-05 13:02:02,059:INFO:Cargando insumo
2022-07-05 13:03:39,556:INFO:...Iniciando...
2022-07-05 13:03:39,556:INFO:reading excel..
2022-07-05 13:03:42,053:INFO:

2022-07-05 13:03:42,053:INFO:====== WebDriver manager ======
2022-07-05 13:03:43,379:INFO:Current google-chrome version is 103.0.5060
2022-07-05 13:03:43,380:INFO:Get LATEST chromedriver version for 103.0.5060 google-chrome
2022-07-05 13:03:43,476:INFO:Driver [C:\Users\Guido\.wdm\drivers\chromedriver\win32\103.0.5060.53\chromedriver.exe] found in cache
2022-07-05 13:03:48,231:INFO:Cargando file...
2022-07-05 13:03:48,231:INFO:Iniciando sesion..
2022-07-05 13:03:49,435:INFO:Cargando nueva ficha...
2022-07-05 13:05:03,154:INFO:Cargando insumo
2022-07-05 13:06:39,109:INFO:...Iniciando...
2022-07-05 13:06:39,109:INFO:reading excel..
2022-07-05 13:06:41,578:INFO:

2022-07-05 13:06:41,579:INFO:====== WebDriver manager ======
2022-07-05 13:06:42,979:INFO:Current google-chrome version is 103.0.5060
2022-07-05 13:06:42,979:INFO:Get LATEST chromedriver version for 103.0.5060 google-chrome
2022-07-05 13:06:43,117:INFO:Driver [C:\Users\Guido\.wdm\drivers\chromedriver\win32\103.0.5060.53\chromedriver.exe] found in cache
2022-07-05 13:06:47,752:INFO:Cargando file...
2022-07-05 13:06:47,752:INFO:Iniciando sesion..
2022-07-05 13:06:48,950:INFO:Cargando nueva ficha...
2022-07-05 13:08:46,335:INFO:...Iniciando...
2022-07-05 13:08:46,335:INFO:reading excel..
2022-07-05 13:08:48,833:INFO:

2022-07-05 13:08:48,833:INFO:====== WebDriver manager ======
2022-07-05 13:08:50,131:INFO:Current google-chrome version is 103.0.5060
2022-07-05 13:08:50,131:INFO:Get LATEST chromedriver version for 103.0.5060 google-chrome
2022-07-05 13:08:50,239:INFO:Driver [C:\Users\Guido\.wdm\drivers\chromedriver\win32\103.0.5060.53\chromedriver.exe] found in cache
2022-07-05 13:08:55,683:INFO:Cargando file...
2022-07-05 13:08:55,683:INFO:Iniciando sesion..
2022-07-05 13:08:56,883:INFO:Cargando nueva ficha...
2022-07-05 13:09:59,913:INFO:...Iniciando...
2022-07-05 13:09:59,914:INFO:reading excel..
2022-07-05 13:10:02,491:INFO:

2022-07-05 13:10:02,492:INFO:====== WebDriver manager ======
2022-07-05 13:10:03,833:INFO:Current google-chrome version is 103.0.5060
2022-07-05 13:10:03,833:INFO:Get LATEST chromedriver version for 103.0.5060 google-chrome
2022-07-05 13:10:03,954:INFO:Driver [C:\Users\Guido\.wdm\drivers\chromedriver\win32\103.0.5060.53\chromedriver.exe] found in cache
2022-07-05 13:10:08,993:INFO:Cargando file...
2022-07-05 13:10:08,994:INFO:Iniciando sesion..
2022-07-05 13:10:10,201:INFO:Cargando nueva ficha...
2022-07-05 13:11:54,795:INFO:...Iniciando...
2022-07-05 13:11:54,796:INFO:reading excel..
2022-07-05 13:11:57,335:INFO:

2022-07-05 13:11:57,335:INFO:====== WebDriver manager ======
2022-07-05 13:11:58,785:INFO:Current google-chrome version is 103.0.5060
2022-07-05 13:11:58,785:INFO:Get LATEST chromedriver version for 103.0.5060 google-chrome
2022-07-05 13:11:58,921:INFO:Driver [C:\Users\Guido\.wdm\drivers\chromedriver\win32\103.0.5060.53\chromedriver.exe] found in cache
2022-07-05 13:12:03,011:INFO:Cargando file...
2022-07-05 13:12:03,011:INFO:Iniciando sesion..
2022-07-05 13:12:04,203:INFO:Cargando nueva ficha...
2022-07-05 13:13:06,355:INFO:...Iniciando...
2022-07-05 13:13:06,355:INFO:reading excel..
2022-07-05 13:13:08,828:INFO:

2022-07-05 13:13:08,828:INFO:====== WebDriver manager ======
2022-07-05 13:13:10,129:INFO:Current google-chrome version is 103.0.5060
2022-07-05 13:13:10,129:INFO:Get LATEST chromedriver version for 103.0.5060 google-chrome
2022-07-05 13:13:10,231:INFO:Driver [C:\Users\Guido\.wdm\drivers\chromedriver\win32\103.0.5060.53\chromedriver.exe] found in cache
2022-07-05 13:13:14,809:INFO:Cargando file...
2022-07-05 13:13:14,809:INFO:Iniciando sesion..
2022-07-05 13:13:16,019:INFO:Cargando nueva ficha...
2022-07-05 13:14:27,084:INFO:...Iniciando...
2022-07-05 13:14:27,085:INFO:reading excel..
2022-07-05 13:14:29,524:INFO:

2022-07-05 13:14:29,524:INFO:====== WebDriver manager ======
2022-07-05 13:14:30,835:INFO:Current google-chrome version is 103.0.5060
2022-07-05 13:14:30,836:INFO:Get LATEST chromedriver version for 103.0.5060 google-chrome
2022-07-05 13:14:30,930:INFO:Driver [C:\Users\Guido\.wdm\drivers\chromedriver\win32\103.0.5060.53\chromedriver.exe] found in cache
2022-07-05 13:14:35,564:INFO:Cargando file...
2022-07-05 13:14:35,565:INFO:Iniciando sesion..
2022-07-05 13:14:36,784:INFO:Cargando nueva ficha...
2022-07-05 13:15:53,229:INFO:Cargando insumo
2022-07-05 13:16:09,656:INFO:Cargando insumo
2022-07-05 13:16:27,982:INFO:Cargando insumo
2022-07-05 13:16:46,358:INFO:Cargando insumo
2022-07-05 13:17:04,764:INFO:Cargando insumo
2022-07-05 13:35:21,704:INFO:...Iniciando...
2022-07-05 13:35:21,704:INFO:reading excel..
2022-07-05 13:35:24,160:INFO:

2022-07-05 13:35:24,161:INFO:====== WebDriver manager ======
2022-07-05 13:35:25,467:INFO:Current google-chrome version is 103.0.5060
2022-07-05 13:35:25,468:INFO:Get LATEST chromedriver version for 103.0.5060 google-chrome
2022-07-05 13:35:25,603:INFO:Driver [C:\Users\Guido\.wdm\drivers\chromedriver\win32\103.0.5060.53\chromedriver.exe] found in cache
2022-07-05 13:35:28,154:INFO:Cargando file...
2022-07-05 13:35:28,154:INFO:Iniciando sesion..
2022-07-05 13:35:29,361:INFO:Cargando nueva ficha...
2022-07-05 13:38:32,800:INFO:...Iniciando...
2022-07-05 13:38:32,800:INFO:reading excel..
2022-07-05 13:38:35,227:INFO:

2022-07-05 13:38:35,227:INFO:====== WebDriver manager ======
2022-07-05 13:38:36,505:INFO:Current google-chrome version is 103.0.5060
2022-07-05 13:38:36,505:INFO:Get LATEST chromedriver version for 103.0.5060 google-chrome
2022-07-05 13:38:36,617:INFO:Driver [C:\Users\Guido\.wdm\drivers\chromedriver\win32\103.0.5060.53\chromedriver.exe] found in cache
2022-07-05 13:38:39,098:INFO:Cargando file...
2022-07-05 13:38:39,098:INFO:Iniciando sesion..
2022-07-05 13:38:40,292:INFO:Cargando nueva ficha...
2022-07-05 13:39:46,116:INFO:Cargando insumo
2022-07-05 13:40:02,544:INFO:Cargando insumo
2022-07-05 13:40:20,886:INFO:Cargando insumo
2022-07-05 13:40:39,245:INFO:Cargando insumo
2022-07-05 13:40:57,775:INFO:Cargando insumo
2022-07-05 13:41:35,525:INFO:...Iniciando...
2022-07-05 13:41:35,526:INFO:reading excel..
2022-07-05 13:41:38,120:INFO:

2022-07-05 13:41:38,120:INFO:====== WebDriver manager ======
2022-07-05 13:41:39,493:INFO:Current google-chrome version is 103.0.5060
2022-07-05 13:41:39,493:INFO:Get LATEST chromedriver version for 103.0.5060 google-chrome
2022-07-05 13:41:39,624:INFO:Driver [C:\Users\Guido\.wdm\drivers\chromedriver\win32\103.0.5060.53\chromedriver.exe] found in cache
2022-07-05 13:41:42,110:INFO:Cargando file...
2022-07-05 13:41:42,110:INFO:Iniciando sesion..
2022-07-05 13:41:43,321:INFO:Cargando nueva ficha...
2022-07-05 13:44:31,894:INFO:...Iniciando...
2022-07-05 13:44:31,894:INFO:reading excel..
2022-07-05 13:44:34,417:INFO:

2022-07-05 13:44:34,417:INFO:====== WebDriver manager ======
2022-07-05 13:44:35,797:INFO:Current google-chrome version is 103.0.5060
2022-07-05 13:44:35,797:INFO:Get LATEST chromedriver version for 103.0.5060 google-chrome
2022-07-05 13:44:35,919:INFO:Driver [C:\Users\Guido\.wdm\drivers\chromedriver\win32\103.0.5060.53\chromedriver.exe] found in cache
2022-07-05 13:44:38,297:INFO:Cargando file...
2022-07-05 13:44:38,298:INFO:Iniciando sesion..
2022-07-05 13:44:39,512:INFO:Cargando nueva ficha...
2022-07-05 13:47:00,879:INFO:...Iniciando...
2022-07-05 13:47:00,879:INFO:reading excel..
2022-07-05 13:47:03,533:INFO:

2022-07-05 13:47:03,533:INFO:====== WebDriver manager ======
2022-07-05 13:47:04,863:INFO:Current google-chrome version is 103.0.5060
2022-07-05 13:47:04,863:INFO:Get LATEST chromedriver version for 103.0.5060 google-chrome
2022-07-05 13:47:05,138:INFO:Driver [C:\Users\Guido\.wdm\drivers\chromedriver\win32\103.0.5060.53\chromedriver.exe] found in cache
2022-07-05 13:47:07,540:INFO:Cargando file...
2022-07-05 13:47:07,541:INFO:Iniciando sesion..
2022-07-05 13:47:08,769:INFO:Cargando nueva ficha...
2022-07-05 13:49:01,712:INFO:...Iniciando...
2022-07-05 13:49:01,712:INFO:reading excel..
2022-07-05 13:49:04,226:INFO:

2022-07-05 13:49:04,226:INFO:====== WebDriver manager ======
2022-07-05 13:49:05,527:INFO:Current google-chrome version is 103.0.5060
2022-07-05 13:49:05,528:INFO:Get LATEST chromedriver version for 103.0.5060 google-chrome
2022-07-05 13:49:05,625:INFO:Driver [C:\Users\Guido\.wdm\drivers\chromedriver\win32\103.0.5060.53\chromedriver.exe] found in cache
2022-07-05 13:49:08,056:INFO:Cargando file...
2022-07-05 13:49:08,056:INFO:Iniciando sesion..
2022-07-05 13:49:09,262:INFO:Cargando nueva ficha...
